2024-02-06T14:05:08+00:00 DEBUG Tt4b_Catalog_Class::catalog_sync: catalog_sync executing for Eka Krisna
2024-02-06T14:05:08+00:00 DEBUG Tt4b_Catalog_Class::catalog_sync: adding and updating products from wc_get_products since 23 January 2024 01:25:50
2024-02-06T14:05:09+00:00 DEBUG Tt4b_Catalog_Class::delete_products_helper: no products retrieved from tt4b_product_delete_queue option, skipping product deletion
2024-02-06T14:05:09+00:00 DEBUG POST: https://business-api.tiktok.com/open_api/v1.2/tbp/business_profile/store/update/

{"business_platform":"WOO_COMMERCE","external_business_id":"tt4b_woocommerce_659bb88b00a3d","net_gmv":[{"interval":"LIFETIME","max":23945900,"min":23945900,"unit":"CURRENCY"}],"net_order_count":[{"interval":"LIFETIME","max":1,"min":1,"unit":"COUNT"}],"tenure":{"min":29,"max":29,"unit":"DAYS"},"extra_data":"1.2.3"}
 ajax: yes
2024-02-06T14:05:09+00:00 DEBUG Tt4b_Mapi_Class::mapi_post: Response: 

HTTP/1.1 200 OK
Content-Type: application/json
X-Api-Deprecation-Info: API for Business Version 1.3 is now live. To avoid disruption to your business, we recommend you migrate all calls to v1.3 as soon as possible. Please visit our migration guide for more details: https://ads.tiktok.com/marketing_api/docs?id=1740029169927169
X-Domain-Change-Info: We have moved to the new domain business-api.tiktok.com for API services after the Platform Upgrade on 09/30/2021. Please update all of your requests with the new domain if you haven't done so already. For more information, please visit https://ads.tiktok.com/marketing_api/docs?rid=esb88xalm6m&id=1709207085043713
X-Tt-Logid: 20240206140508D68079AE208C9FD29256
Server-Timing: inner; dur=302
x-tt-trace-host: 01d2f4faa2dec2ba53252816eb2dd41ecb21db5888ba448daa7f5bb5ef98e11d375704b0b8da33a75ecc6813dfbc4b029cd36850adcd0ce87a20f245292b285b56e9cf9be33d01a906fd7344a1c9c7c222179aa6fc9b52ec8d74276944931647b7
x-tt-trace-id: 00-240206140508D68079AE208C9FD29256-6F6158F0694054C5-00
Server: TLB
Content-Encoding: gzip
Expires: Tue, 06 Feb 2024 14:05:09 GMT
Cache-Control: max-age=0, no-cache, no-store
Pragma: no-cache
Date: Tue, 06 Feb 2024 14:05:09 GMT
Content-Length: 602
X-Cache: TCP_MISS from a23-47-190-53.deploy.akamaitechnologies.com (AkamaiGHost/11.4.1-53915762) (-)
Connection: close
Vary: Accept-Encoding
x-tt-trace-tag: id=16;cdn-cache=miss;type=dyn
Server-Timing: cdn-cache; desc=MISS, edge; dur=5, origin; dur=348
X-Origin-Response-Time: 349,23.47.190.53
X-Akamai-Request-ID: 50fe8285

{"code":0,"message":"OK","request_id":"20240206140508D68079AE208C9FD29256","data":{"adv_id":"7321653345561690114","bc_id":"7321653444622827522","business_platform":"WOO_COMMERCE","catalog_id":"7321651951337309954","core_user_id":"7272202384490333186","country":"ID","create_time":"2024-01-08 09:14:42","currency":"IDR","domain":"http://localhost/wordpress","email":"eka1.grune@gmail.com","external_business_id":"tt4b_woocommerce_659bb88b00a3d","is_email_verified":true,"is_test":false,"is_verified":true,"net_gmv":[{"interval":"LIFETIME","max":23945900,"min":23945900,"unit":"CURRENCY"}],"net_order_count":[{"interval":"LIFETIME","max":1,"min":1,"unit":"COUNT"}],"phone_number":"+621234567890","pixel_code":"CMDRQ6BC77U58IELOS4G","status":2,"store_name":"Eka Krisna","tenure":{"max":29,"min":29,"unit":"DAYS"},"timezone":"GMT+00:00","update_time":"2024-01-08 09:15:38","website_url":"http://localhost/wordpress"}}

2024-02-06T14:05:09+00:00 DEBUG Tt4b_Catalog_Class::catalog_sync_helper: no products retrieved from wc_get_products
2024-02-06T14:05:09+00:00 DEBUG Tt4b_Catalog_Class::catalog_sync_helper: product_page: 1 product_count: 0, variation_count: 0
2024-02-06T14:05:09+00:00 DEBUG POST: https://business-api.tiktok.com/open_api/v1.3/catalog/product/upload/

{"bc_id":"7321653444622827522","catalog_id":"7321651951337309954","products":[]}
 ajax: yes
2024-02-06T14:05:10+00:00 DEBUG Tt4b_Mapi_Class::mapi_post: Response: 

HTTP/1.1 200 OK
Content-Type: application/json
Content-Length: 134
stablecode: 0
upstream-caught: None
X_TT_LOGID: 202402061405087E45AF05CCE298CFF6A0
X-Domain-Change-Info: We have moved to a new domain for API services after the Platform Upgrade on 09/30/2021. Please update all of your requests with the new domain if you haven't done so already. For more information, please visit https://ads.tiktok.com/marketing_api/docs?rid=esb88xalm6m&id=1709207085043713
X-TT-LOGID: 202402061405087E45AF05CCE298CFF6A0
X-TT-LOGID: 202402061405087E45AF05CCE298CFF6A0
Server-Timing: inner; dur=190
x-tt-trace-host: 01d2f4faa2dec2ba53252816eb2dd41ecb21db5888ba448daa7f5bb5ef98e11d375704b0b8da33a75ecc6813dfbc4b029cd36850adcd0ce87a20f245292b285b564f83b0cb91aadbb1ed6ec00c98c3a2cb840d96f098f739531cfe8f97766578e0
x-tt-trace-id: 00-2402061405087E45AF05CCE298CFF6A0-50E7450135A999C8-00
Server: TLB
Expires: Tue, 06 Feb 2024 14:05:09 GMT
Cache-Control: max-age=0, no-cache, no-store
Pragma: no-cache
Date: Tue, 06 Feb 2024 14:05:09 GMT
X-Cache: TCP_MISS from a23-47-190-53.deploy.akamaitechnologies.com (AkamaiGHost/11.4.1-53915762) (-)
Connection: close
x-tt-trace-tag: id=16;cdn-cache=miss;type=dyn
Server-Timing: cdn-cache; desc=MISS, edge; dur=3, origin; dur=195
X-Origin-Response-Time: 195,23.47.190.53
X-Akamai-Request-ID: 50fe8a04

{"code": 40002, "message": "products: Shorter than minimum length 1.", "request_id": "202402061405087E45AF05CCE298CFF6A0", "data": {}}

