2024-01-15T09:54:38+00:00 DEBUG Tt4b_Catalog_Class::catalog_sync: catalog_sync executing for Eka Krisna
2024-01-15T09:54:38+00:00 DEBUG Tt4b_Catalog_Class::catalog_sync: adding and updating products from wc_get_products since 13 January 2024 14:07:19
2024-01-15T09:54:38+00:00 DEBUG Tt4b_Catalog_Class::delete_products_helper: no products retrieved from tt4b_product_delete_queue option, skipping product deletion
2024-01-15T09:54:38+00:00 DEBUG POST: https://business-api.tiktok.com/open_api/v1.2/tbp/business_profile/store/update/

{"business_platform":"WOO_COMMERCE","external_business_id":"tt4b_woocommerce_659bb88b00a3d","net_gmv":[{"interval":"LIFETIME","max":23945900,"min":23945900,"unit":"CURRENCY"}],"net_order_count":[{"interval":"LIFETIME","max":1,"min":1,"unit":"COUNT"}],"tenure":{"min":7,"max":7,"unit":"DAYS"},"extra_data":"1.2.3"}
 ajax: yes
2024-01-15T09:54:39+00:00 DEBUG Tt4b_Mapi_Class::mapi_post: Response: 

HTTP/1.1 200 OK
Content-Type: application/json
X-Api-Deprecation-Info: API for Business Version 1.3 is now live. To avoid disruption to your business, we recommend you migrate all calls to v1.3 as soon as possible. Please visit our migration guide for more details: https://ads.tiktok.com/marketing_api/docs?id=1740029169927169
X-Domain-Change-Info: We have moved to the new domain business-api.tiktok.com for API services after the Platform Upgrade on 09/30/2021. Please update all of your requests with the new domain if you haven't done so already. For more information, please visit https://ads.tiktok.com/marketing_api/docs?rid=esb88xalm6m&id=1709207085043713
X-Tt-Logid: 202401150954383D767656F2ACD3049892
x-tt-trace-host: 017b8ca5a44af3ff994606544e6fe1b30d7a5de9bb42160d0b0477335377bc4a39bce47295a9b31ff2e2d08bddf1ca746cc059b7ab6dc57408908f2d222342fbd181bf51f98ab51dd820bce4890908909061d90a3ddf205ebbf9f006c39054cc67b752ea6db8c7aa51f4a26e06e32df60e
x-tt-trace-id: 00-2401150954383D767656F2ACD3049892-14CCCEFF5555E014-00
Server: TLB
Content-Encoding: gzip
Content-Length: 566
X-Origin-Response-Time: 256,23.211.140.93
X-Akamai-Request-ID: 3cfa7678.1d9be3cf
Expires: Mon, 15 Jan 2024 09:54:39 GMT
Cache-Control: max-age=0, no-cache, no-store
Pragma: no-cache
Date: Mon, 15 Jan 2024 09:54:39 GMT
X-Cache: TCP_MISS from a23-206-233-7.deploy.akamaitechnologies.com (AkamaiGHost/11.4.0-53477943) (-)
Connection: close
Vary: Accept-Encoding
X-Cache-Remote: TCP_MISS from a23-211-140-93.deploy.akamaitechnologies.com (AkamaiGHost/11.4.0-53477943) (-)
x-tt-trace-tag: id=16;cdn-cache=miss;type=dyn
Server-Timing: cdn-cache; desc=MISS, edge; dur=18, origin; dur=256
Server-Timing: inner; dur=251
X-Parent-Response-Time: 271,23.206.233.7

{"code":0,"message":"OK","request_id":"202401150954383D767656F2ACD3049892","data":{"adv_id":"7321653345561690114","bc_id":"7321653444622827522","business_platform":"WOO_COMMERCE","catalog_id":"7321651951337309954","core_user_id":"7272202384490333186","country":"ID","create_time":"2024-01-08 09:14:42","currency":"IDR","domain":"http://localhost/wordpress","email":"eka1.grune@gmail.com","external_business_id":"tt4b_woocommerce_659bb88b00a3d","is_email_verified":true,"is_test":false,"is_verified":true,"net_gmv":[{"interval":"LIFETIME","max":23945900,"min":23945900,"unit":"CURRENCY"}],"net_order_count":[{"interval":"LIFETIME","max":1,"min":1,"unit":"COUNT"}],"phone_number":"+621234567890","pixel_code":"CMDRQ6BC77U58IELOS4G","status":2,"store_name":"Eka Krisna","tenure":{"max":7,"min":7,"unit":"DAYS"},"timezone":"GMT+00:00","update_time":"2024-01-08 09:15:38","website_url":"http://localhost/wordpress"}}

2024-01-15T09:54:39+00:00 DEBUG Tt4b_Catalog_Class::catalog_sync_helper: no products retrieved from wc_get_products
2024-01-15T09:54:39+00:00 DEBUG Tt4b_Catalog_Class::catalog_sync_helper: product_page: 1 product_count: 0, variation_count: 0
2024-01-15T09:54:39+00:00 DEBUG POST: https://business-api.tiktok.com/open_api/v1.3/catalog/product/upload/

{"bc_id":"7321653444622827522","catalog_id":"7321651951337309954","products":[]}
 ajax: yes
2024-01-15T09:54:40+00:00 DEBUG Tt4b_Mapi_Class::mapi_post: Response: 

HTTP/1.1 200 OK
Content-Type: application/json
Content-Length: 134
stablecode: 0
upstream-caught: None
X_TT_LOGID: 202401150954385F4A469E9C0C2D0490A3
X-Domain-Change-Info: We have moved to a new domain for API services after the Platform Upgrade on 09/30/2021. Please update all of your requests with the new domain if you haven't done so already. For more information, please visit https://ads.tiktok.com/marketing_api/docs?rid=esb88xalm6m&id=1709207085043713
X-TT-LOGID: 202401150954385F4A469E9C0C2D0490A3
X-TT-LOGID: 202401150954385F4A469E9C0C2D0490A3
x-tt-trace-host: 017b8ca5a44af3ff994606544e6fe1b30d7a5de9bb42160d0b0477335377bc4a39bce47295a9b31ff2e2d08bddf1ca746cc059b7ab6dc57408908f2d222342fbd181bf51f98ab51dd820bce489090890900507207e200862fba50f87331b9cec131ab7bad94c06dae7faf318c7234fc45b
x-tt-trace-id: 00-2401150954385F4A469E9C0C2D0490A3-2395D1D76B0362DF-00
Server: TLB
X-Origin-Response-Time: 167,23.211.140.93
X-Akamai-Request-ID: 3cfaae64.1d9be647
Expires: Mon, 15 Jan 2024 09:54:40 GMT
Cache-Control: max-age=0, no-cache, no-store
Pragma: no-cache
Date: Mon, 15 Jan 2024 09:54:40 GMT
X-Cache: TCP_MISS from a23-206-233-7.deploy.akamaitechnologies.com (AkamaiGHost/11.4.0-53477943) (-)
Connection: close
X-Cache-Remote: TCP_MISS from a23-211-140-93.deploy.akamaitechnologies.com (AkamaiGHost/11.4.0-53477943) (-)
x-tt-trace-tag: id=16;cdn-cache=miss;type=dyn
Server-Timing: cdn-cache; desc=MISS, edge; dur=428, origin; dur=166
Server-Timing: inner; dur=162
X-Parent-Response-Time: 534,23.206.233.7

{"code": 40002, "message": "products: Shorter than minimum length 1.", "request_id": "202401150954385F4A469E9C0C2D0490A3", "data": {}}

2024-01-15T09:55:37+00:00 DEBUG tt4b_product_delete: adding SKU_ID to delete: 1
