2024-01-13T14:07:19+00:00 DEBUG Tt4b_Catalog_Class::catalog_sync: catalog_sync executing for Eka Krisna
2024-01-13T14:07:19+00:00 DEBUG Tt4b_Catalog_Class::catalog_sync: adding and updating products from wc_get_products since 12 January 2024 08:00:20
2024-01-13T14:07:19+00:00 DEBUG Tt4b_Catalog_Class::delete_products_helper: no products retrieved from tt4b_product_delete_queue option, skipping product deletion
2024-01-13T14:07:19+00:00 DEBUG POST: https://business-api.tiktok.com/open_api/v1.2/tbp/business_profile/store/update/

{"business_platform":"WOO_COMMERCE","external_business_id":"tt4b_woocommerce_659bb88b00a3d","net_gmv":[{"interval":"LIFETIME","max":23945900,"min":23945900,"unit":"CURRENCY"}],"net_order_count":[{"interval":"LIFETIME","max":1,"min":1,"unit":"COUNT"}],"tenure":{"min":5,"max":5,"unit":"DAYS"},"extra_data":"1.2.3"}
 ajax: no
2024-01-13T14:07:19+00:00 DEBUG Tt4b_Mapi_Class::mapi_post: Response: 

HTTP/1.1 200 OK
Content-Type: application/json
X-Api-Deprecation-Info: API for Business Version 1.3 is now live. To avoid disruption to your business, we recommend you migrate all calls to v1.3 as soon as possible. Please visit our migration guide for more details: https://ads.tiktok.com/marketing_api/docs?id=1740029169927169
X-Domain-Change-Info: We have moved to the new domain business-api.tiktok.com for API services after the Platform Upgrade on 09/30/2021. Please update all of your requests with the new domain if you haven't done so already. For more information, please visit https://ads.tiktok.com/marketing_api/docs?rid=esb88xalm6m&id=1709207085043713
X-Tt-Logid: 202401131407172AE1CF2E8E1C1F8AA304
x-tt-trace-host: 017b8ca5a44af3ff994606544e6fe1b30dac84e0790fe7710dfc8810d6f37c41a0360c85baa7c3984fb82ecd3fc7585b676dcea2c9d9ed78d148b6204cac67d1e8162fe6ea00cdcafa501c0fc240d6ca7fb9fe748399bb8f2b4185b04d7f97e94df3882904a3eda6331a8604b3197038d7
x-tt-trace-id: 00-2401131407172AE1CF2E8E1C1F8AA304-39CBC5EA2818264E-00
Server: TLB
Content-Encoding: gzip
Content-Length: 566
X-Origin-Response-Time: 299,23.211.140.100
X-Akamai-Request-ID: 244a9541.1d1f4ae
Expires: Sat, 13 Jan 2024 14:07:19 GMT
Cache-Control: max-age=0, no-cache, no-store
Pragma: no-cache
Date: Sat, 13 Jan 2024 14:07:19 GMT
X-Cache: TCP_MISS from a23-214-75-146.deploy.akamaitechnologies.com (AkamaiGHost/11.4.0-53477943) (-)
Connection: close
Vary: Accept-Encoding
X-Cache-Remote: TCP_MISS from a23-211-140-100.deploy.akamaitechnologies.com (AkamaiGHost/11.4.0-53477943) (-)
x-tt-trace-tag: id=16;cdn-cache=miss;type=dyn
Server-Timing: cdn-cache; desc=MISS, edge; dur=19, origin; dur=299
Server-Timing: inner; dur=295
X-Parent-Response-Time: 314,23.214.75.146

{"code":0,"message":"OK","request_id":"202401131407172AE1CF2E8E1C1F8AA304","data":{"adv_id":"7321653345561690114","bc_id":"7321653444622827522","business_platform":"WOO_COMMERCE","catalog_id":"7321651951337309954","core_user_id":"7272202384490333186","country":"ID","create_time":"2024-01-08 09:14:42","currency":"IDR","domain":"http://localhost/wordpress","email":"eka1.grune@gmail.com","external_business_id":"tt4b_woocommerce_659bb88b00a3d","is_email_verified":true,"is_test":false,"is_verified":true,"net_gmv":[{"interval":"LIFETIME","max":23945900,"min":23945900,"unit":"CURRENCY"}],"net_order_count":[{"interval":"LIFETIME","max":1,"min":1,"unit":"COUNT"}],"phone_number":"+621234567890","pixel_code":"CMDRQ6BC77U58IELOS4G","status":2,"store_name":"Eka Krisna","tenure":{"max":5,"min":5,"unit":"DAYS"},"timezone":"GMT+00:00","update_time":"2024-01-08 09:15:38","website_url":"http://localhost/wordpress"}}

2024-01-13T14:07:19+00:00 DEBUG Tt4b_Catalog_Class::catalog_sync_helper: no products retrieved from wc_get_products
2024-01-13T14:07:19+00:00 DEBUG Tt4b_Catalog_Class::catalog_sync_helper: product_page: 1 product_count: 0, variation_count: 0
2024-01-13T14:07:19+00:00 DEBUG POST: https://business-api.tiktok.com/open_api/v1.3/catalog/product/upload/

{"bc_id":"7321653444622827522","catalog_id":"7321651951337309954","products":[]}
 ajax: no
2024-01-13T14:07:20+00:00 DEBUG Tt4b_Mapi_Class::mapi_post: Response: 

HTTP/1.1 200 OK
Content-Type: application/json
Content-Length: 134
stablecode: 0
upstream-caught: None
X_TT_LOGID: 20240113140718CB088841E6C87D8F0350
X-Domain-Change-Info: We have moved to a new domain for API services after the Platform Upgrade on 09/30/2021. Please update all of your requests with the new domain if you haven't done so already. For more information, please visit https://ads.tiktok.com/marketing_api/docs?rid=esb88xalm6m&id=1709207085043713
X-TT-LOGID: 20240113140718CB088841E6C87D8F0350
X-TT-LOGID: 20240113140718CB088841E6C87D8F0350
x-tt-trace-host: 017b8ca5a44af3ff994606544e6fe1b30dac84e0790fe7710dfc8810d6f37c41a0360c85baa7c3984fb82ecd3fc7585b676dcea2c9d9ed78d148b6204cac67d1e80043744b3a91d009e9c599eaa4b60e1cb4ed41613f295afd59969e76b55d4122e72ebfd81a9f0ca977449ceefd08bb4819ed67fbcb4ca5e90aabfb52f6848dae
x-tt-trace-id: 00-240113140718CB088841E6C87D8F0350-08EB952E3E196380-00
Server: TLB
X-Origin-Response-Time: 153,23.211.140.100
X-Akamai-Request-ID: 244bebdd.1d1fd09
Expires: Sat, 13 Jan 2024 14:07:19 GMT
Cache-Control: max-age=0, no-cache, no-store
Pragma: no-cache
Date: Sat, 13 Jan 2024 14:07:19 GMT
X-Cache: TCP_MISS from a23-214-75-146.deploy.akamaitechnologies.com (AkamaiGHost/11.4.0-53477943) (-)
Connection: close
X-Cache-Remote: TCP_MISS from a23-211-140-100.deploy.akamaitechnologies.com (AkamaiGHost/11.4.0-53477943) (-)
x-tt-trace-tag: id=16;cdn-cache=miss;type=dyn
Server-Timing: cdn-cache; desc=MISS, edge; dur=20, origin; dur=153
Server-Timing: inner; dur=149
X-Parent-Response-Time: 171,23.214.75.146

{"code": 40002, "message": "products: Shorter than minimum length 1.", "request_id": "20240113140718CB088841E6C87D8F0350", "data": {}}

