2024-01-16T10:04:54+00:00 DEBUG Tt4b_Catalog_Class::catalog_sync: catalog_sync executing for Eka Krisna
2024-01-16T10:04:54+00:00 DEBUG Tt4b_Catalog_Class::catalog_sync: adding and updating products from wc_get_products since 15 January 2024 09:54:38
2024-01-16T10:04:54+00:00 DEBUG POST: https://business-api.tiktok.com/open_api/v1.3/catalog/product/delete/

{"bc_id":"7321653444622827522","catalog_id":"7321651951337309954","sku_ids":["46"]}
 ajax: no
2024-01-16T10:04:56+00:00 DEBUG Tt4b_Mapi_Class::mapi_post: Response: 

HTTP/1.1 200 OK
Content-Type: application/json
Content-Length: 118
stablecode: 0
upstream-caught: None
X_TT_LOGID: 2024011610045518671345F5F8024E9B35
X-Domain-Change-Info: We have moved to a new domain for API services after the Platform Upgrade on 09/30/2021. Please update all of your requests with the new domain if you haven't done so already. For more information, please visit https://ads.tiktok.com/marketing_api/docs?rid=esb88xalm6m&id=1709207085043713
X-TT-LOGID: 2024011610045518671345F5F8024E9B35
X-TT-LOGID: 2024011610045518671345F5F8024E9B35
Server-Timing: inner; dur=635
x-tt-trace-host: 017b8ca5a44af3ff994606544e6fe1b30db388fd1ca1216f90408454a58850b1af0700e76de10aaaf5a3c1e17797fb84b5682a91b4d9e9a5cf4d3821586e3884a23bd112c26864560cd0fdf1e5e92d607b9f5f5f93cfefa3da855d2a819b5d4d5d
x-tt-trace-id: 00-24011610045518671345F5F8024E9B35-4FD2ABCB459475A6-00
Server: TLB
Expires: Tue, 16 Jan 2024 10:04:57 GMT
Cache-Control: max-age=0, no-cache, no-store
Pragma: no-cache
Date: Tue, 16 Jan 2024 10:04:57 GMT
X-Cache: TCP_MISS from a23-39-173-116.deploy.akamaitechnologies.com (AkamaiGHost/11.4.0-53477943) (-)
Connection: close
x-tt-trace-tag: id=16;cdn-cache=miss;type=dyn
Server-Timing: cdn-cache; desc=MISS, edge; dur=10, origin; dur=767
X-Origin-Response-Time: 767,23.39.173.116
X-Akamai-Request-ID: 24a4fe9b

{"code": 0, "message": "OK", "request_id": "2024011610045518671345F5F8024E9B35", "data": {"feed_log_id": "505388020"}}

2024-01-16T10:04:56+00:00 DEBUG Tt4b_Catalog_Class::delete_products_helper: Array products posted to tiktok catalog for deletion
2024-01-16T10:04:56+00:00 DEBUG POST: https://business-api.tiktok.com/open_api/v1.2/tbp/business_profile/store/update/

{"business_platform":"WOO_COMMERCE","external_business_id":"tt4b_woocommerce_659bb88b00a3d","net_gmv":[{"interval":"LIFETIME","max":23945900,"min":23945900,"unit":"CURRENCY"}],"net_order_count":[{"interval":"LIFETIME","max":1,"min":1,"unit":"COUNT"}],"tenure":{"min":8,"max":8,"unit":"DAYS"},"extra_data":"1.2.3"}
 ajax: no
2024-01-16T10:04:56+00:00 DEBUG Tt4b_Mapi_Class::mapi_post: Response: 

HTTP/1.1 200 OK
Content-Type: application/json
X-Api-Deprecation-Info: API for Business Version 1.3 is now live. To avoid disruption to your business, we recommend you migrate all calls to v1.3 as soon as possible. Please visit our migration guide for more details: https://ads.tiktok.com/marketing_api/docs?id=1740029169927169
X-Domain-Change-Info: We have moved to the new domain business-api.tiktok.com for API services after the Platform Upgrade on 09/30/2021. Please update all of your requests with the new domain if you haven't done so already. For more information, please visit https://ads.tiktok.com/marketing_api/docs?rid=esb88xalm6m&id=1709207085043713
X-Tt-Logid: 2024011610045618671345F5F8024E9B78
Server-Timing: inner; dur=295
x-tt-trace-host: 017b8ca5a44af3ff994606544e6fe1b30db388fd1ca1216f90408454a58850b1af0700e76de10aaaf5a3c1e17797fb84b5682a91b4d9e9a5cf4d3821586e3884a23183bf04805cbd62c6e7537c8a5d0f3c68eeb0700138adb84c440a04b4b0d4e1
x-tt-trace-id: 00-24011610045618671345F5F8024E9B78-4FD2ABCB459476BA-00
Server: TLB
Content-Encoding: gzip
Expires: Tue, 16 Jan 2024 10:04:57 GMT
Cache-Control: max-age=0, no-cache, no-store
Pragma: no-cache
Date: Tue, 16 Jan 2024 10:04:57 GMT
Content-Length: 564
X-Cache: TCP_MISS from a23-39-173-116.deploy.akamaitechnologies.com (AkamaiGHost/11.4.0-53477943) (-)
Connection: close
Vary: Accept-Encoding
x-tt-trace-tag: id=16;cdn-cache=miss;type=dyn
Server-Timing: cdn-cache; desc=MISS, edge; dur=17, origin; dur=324
X-Origin-Response-Time: 324,23.39.173.116
X-Akamai-Request-ID: 24a503ee

{"code":0,"message":"OK","request_id":"2024011610045618671345F5F8024E9B78","data":{"adv_id":"7321653345561690114","bc_id":"7321653444622827522","business_platform":"WOO_COMMERCE","catalog_id":"7321651951337309954","core_user_id":"7272202384490333186","country":"ID","create_time":"2024-01-08 09:14:42","currency":"IDR","domain":"http://localhost/wordpress","email":"eka1.grune@gmail.com","external_business_id":"tt4b_woocommerce_659bb88b00a3d","is_email_verified":true,"is_test":false,"is_verified":true,"net_gmv":[{"interval":"LIFETIME","max":23945900,"min":23945900,"unit":"CURRENCY"}],"net_order_count":[{"interval":"LIFETIME","max":1,"min":1,"unit":"COUNT"}],"phone_number":"+621234567890","pixel_code":"CMDRQ6BC77U58IELOS4G","status":2,"store_name":"Eka Krisna","tenure":{"max":8,"min":8,"unit":"DAYS"},"timezone":"GMT+00:00","update_time":"2024-01-08 09:15:38","website_url":"http://localhost/wordpress"}}

2024-01-16T10:04:56+00:00 DEBUG Tt4b_Catalog_Class::catalog_sync_helper: no products retrieved from wc_get_products
2024-01-16T10:04:56+00:00 DEBUG Tt4b_Catalog_Class::catalog_sync_helper: product_page: 1 product_count: 0, variation_count: 0
2024-01-16T10:04:56+00:00 DEBUG POST: https://business-api.tiktok.com/open_api/v1.3/catalog/product/upload/

{"bc_id":"7321653444622827522","catalog_id":"7321651951337309954","products":[]}
 ajax: no
2024-01-16T10:04:57+00:00 DEBUG Tt4b_Mapi_Class::mapi_post: Response: 

HTTP/1.1 200 OK
Content-Type: application/json
Content-Length: 134
stablecode: 0
upstream-caught: None
X_TT_LOGID: 2024011610045718671345F5F8024E9B9B
X-Domain-Change-Info: We have moved to a new domain for API services after the Platform Upgrade on 09/30/2021. Please update all of your requests with the new domain if you haven't done so already. For more information, please visit https://ads.tiktok.com/marketing_api/docs?rid=esb88xalm6m&id=1709207085043713
X-TT-LOGID: 2024011610045718671345F5F8024E9B9B
X-TT-LOGID: 2024011610045718671345F5F8024E9B9B
Server-Timing: inner; dur=128
x-tt-trace-host: 017b8ca5a44af3ff994606544e6fe1b30db388fd1ca1216f90408454a58850b1af0700e76de10aaaf5a3c1e17797fb84b5682a91b4d9e9a5cf4d3821586e3884a2cfdf72fb942a61f35ec256e2c558e2be4ca4500f07ddb50699e0efc9eab3989cb743a7058f0a26bf37c23a576bc6c803
x-tt-trace-id: 00-24011610045718671345F5F8024E9B9B-4FD2ABCB4594774A-00
Server: TLB
Expires: Tue, 16 Jan 2024 10:04:58 GMT
Cache-Control: max-age=0, no-cache, no-store
Pragma: no-cache
Date: Tue, 16 Jan 2024 10:04:58 GMT
X-Cache: TCP_MISS from a23-39-173-116.deploy.akamaitechnologies.com (AkamaiGHost/11.4.0-53477943) (-)
Connection: close
x-tt-trace-tag: id=16;cdn-cache=miss;type=dyn
Server-Timing: cdn-cache; desc=MISS, edge; dur=4, origin; dur=143
X-Origin-Response-Time: 144,23.39.173.116
X-Akamai-Request-ID: 24a506b3

{"code": 40002, "message": "products: Shorter than minimum length 1.", "request_id": "2024011610045718671345F5F8024E9B9B", "data": {}}

2024-01-16T10:05:15+00:00 DEBUG tt4b_product_delete: adding SKU_ID to delete: 1
